2015-05-21 15:36:24.305 weatherapp[5759:1380590] DiskCookieStorage changing policy from 2 to 0, cookie file: file:///Users/carlosrojas/Library/Developer/CoreSimulator/Devices/8982BBF8-5099-4C26-AF21-E05A9337160E/data/Containers/Data/Application/B53B3FE2-ADDE-4CD6-87B2-E2D9B705547F/Library/Cookies/Cookies.binarycookies
2015-05-21 15:36:24.454 weatherapp[5759:1380590] Apache Cordova native platform version 3.8.0 is starting.
2015-05-21 15:36:24.455 weatherapp[5759:1380590] Multi-tasking -> Device: YES, App: YES
2015-05-21 15:36:24.460 weatherapp[5759:1380590] Unlimited access to network resources
2015-05-21 15:36:25.248 weatherapp[5759:1380590] Resetting plugins due to page load.
2015-05-21 15:36:25.603 weatherapp[5759:1380590] Finished load of: file:///Users/carlosrojas/Library/Developer/CoreSimulator/Devices/8982BBF8-5099-4C26-AF21-E05A9337160E/data/Containers/Bundle/Application/D00B3704-17A0-41F8-84F9-8EC9FCB8FBDB/weatherapp.app/www/index.html
2015-05-24 20:53:45.472 weatherapp[13463:2232521] DiskCookieStorage changing policy from 2 to 0, cookie file: file:///Users/carlosrojas/Library/Developer/CoreSimulator/Devices/8982BBF8-5099-4C26-AF21-E05A9337160E/data/Containers/Data/Application/9C784072-DBBB-4363-9256-7D5B1E40D633/Library/Cookies/Cookies.binarycookies
2015-05-24 20:53:45.837 weatherapp[13463:2232521] Apache Cordova native platform version 3.8.0 is starting.
2015-05-24 20:53:45.837 weatherapp[13463:2232521] Multi-tasking -> Device: YES, App: YES
2015-05-24 20:53:45.860 weatherapp[13463:2232521] Unlimited access to network resources
2015-05-24 20:53:46.798 weatherapp[13463:2232521] Resetting plugins due to page load.
2015-05-24 20:53:47.372 weatherapp[13463:2232521] Finished load of: file:///Users/carlosrojas/Library/Developer/CoreSimulator/Devices/8982BBF8-5099-4C26-AF21-E05A9337160E/data/Containers/Bundle/Application/DD1F3952-E14C-4E43-B84B-9263509D448F/weatherapp.app/www/index.html
2015-05-24 20:59:08.177 weatherapp[13463:2283737] Terminating since there is no system app.
2015-05-24 20:59:56.823 weatherapp[14042:2285257] DiskCookieStorage changing policy from 2 to 0, cookie file: file:///Users/carlosrojas/Library/Developer/CoreSimulator/Devices/8982BBF8-5099-4C26-AF21-E05A9337160E/data/Containers/Data/Application/74966C04-6A10-4A02-B7A9-E1545AF99BD5/Library/Cookies/Cookies.binarycookies
2015-05-24 20:59:56.948 weatherapp[14042:2285257] Apache Cordova native platform version 3.8.0 is starting.
2015-05-24 20:59:56.949 weatherapp[14042:2285257] Multi-tasking -> Device: YES, App: YES
2015-05-24 20:59:56.950 weatherapp[14042:2285257] Unlimited access to network resources
2015-05-24 20:59:57.144 weatherapp[14042:2285257] Resetting plugins due to page load.
2015-05-24 20:59:57.717 weatherapp[14042:2285257] Finished load of: file:///Users/carlosrojas/Library/Developer/CoreSimulator/Devices/8982BBF8-5099-4C26-AF21-E05A9337160E/data/Containers/Bundle/Application/85785A31-C031-4DEE-BBD9-DD90D64647AA/weatherapp.app/www/index.html#/search
2015-05-24 21:01:53.194 weatherapp[14611:2287586] DiskCookieStorage changing policy from 2 to 0, cookie file: file:///Users/carlosrojas/Library/Developer/CoreSimulator/Devices/8982BBF8-5099-4C26-AF21-E05A9337160E/data/Containers/Data/Application/3F73909F-8083-44B1-9797-A50DF6B7CD63/Library/Cookies/Cookies.binarycookies
2015-05-24 21:01:53.317 weatherapp[14611:2287586] Apache Cordova native platform version 3.8.0 is starting.
2015-05-24 21:01:53.317 weatherapp[14611:2287586] Multi-tasking -> Device: YES, App: YES
2015-05-24 21:01:53.320 weatherapp[14611:2287586] Unlimited access to network resources
2015-05-24 21:01:53.609 weatherapp[14611:2287586] Resetting plugins due to page load.
2015-05-24 21:01:54.238 weatherapp[14611:2287586] Finished load of: http://192.168.1.71:8100/#/search
2015-05-24 21:02:01.785 weatherapp[14611:2287586] Resetting plugins due to page load.
2015-05-24 21:02:02.015 weatherapp[14611:2287586] Finished load of: http://192.168.1.71:8100/?restart=915383#/search
